[debug] [2022-10-18T08:28:26.009Z] ----------------------------------------------------------------------
[debug] [2022-10-18T08:28:26.015Z] Command:       C:\Program Files\nodejs\node.exe C:\Users\PC\AppData\Roaming\npm\node_modules\firebase-tools\lib\bin\firebase.js init
[debug] [2022-10-18T08:28:26.016Z] CLI Version:   11.14.4
[debug] [2022-10-18T08:28:26.017Z] Platform:      win32
[debug] [2022-10-18T08:28:26.017Z] Node Version:  v16.17.0
[debug] [2022-10-18T08:28:26.021Z] Time:          Tue Oct 18 2022 13:58:26 GMT+0530 (India Standard Time)
[debug] [2022-10-18T08:28:26.021Z] ----------------------------------------------------------------------
[debug] 
[debug] [2022-10-18T08:28:26.211Z] > command requires scopes: ["email","openid","https://www.googleapis.com/auth/cloudplatformprojects.readonly","https://www.googleapis.com/auth/firebase","https://www.googleapis.com/auth/cloud-platform"]
[debug] [2022-10-18T08:28:26.212Z] > authorizing via signed-in user (yajna.yadla@gmail.com)
[info] 
     ######## #### ########  ######## ########     ###     ######  ########
     ##        ##  ##     ## ##       ##     ##  ##   ##  ##       ##
     ######    ##  ########  ######   ########  #########  ######  ######
     ##        ##  ##    ##  ##       ##     ## ##     ##       ## ##
     ##       #### ##     ## ######## ########  ##     ##  ######  ########

You're about to initialize a Firebase project in this directory:

  C:\Users\PC\Amazone_Clone_ReactJs-master

Before we get started, keep in mind:

  * You are initializing within an existing Firebase project directory

[debug] [2022-10-18T08:28:43.690Z] Error: Timed out.
    at Timeout._onTimeout (C:\Users\PC\AppData\Roaming\npm\node_modules\firebase-tools\lib\utils.js:253:49)
    at listOnTimeout (node:internal/timers:559:17)
    at processTimers (node:internal/timers:502:7)
[error] 
[error] Error: An unexpected error has occurred.
